Enter you request, write "!start" to start:
> > > > > > > > > > [05/11/26 11:56:06] INFO     Starting AutoRecLab...                  main.py:25
                    INFO     Initializing agent...          minimal_agent.py:52
                    INFO     Engineering code              minimal_agent.py:508
                             requirements...                                   
[05/11/26 11:56:16] INFO     Done.                         minimal_agent.py:527
                    INFO     Agent initialized!             minimal_agent.py:64
                    INFO     Initializing agent...           interpreter.py:102
                    INFO     Interpreter initialized!        interpreter.py:112
                    INFO     Starting tree search...               search.py:67
                    INFO     Generating draft node 1/3             search.py:70
[cyan]--------------------------------[/cyan]
[cyan]self.task_desc[/cyan]
[cyan] You are an expert recommender systems research assistant who is looking to help the user with their requests.
The user has some idea and you want to conduct creative experiments to gain scientific insights.
Your aim is to run experiments to gather sufficient results to report back to the user.
The idea is:

Please run a small reproducibility experiment with LensKit 0.14.4 on the MovieLens 100K dataset (u.data, tab-separated, in the working directory).

Preprocessing: Keep only ratings strictly greater than 3 as positive implicit interactions, then iteratively apply 5-core filtering until every remaining user and item has at least 5 interactions. Preserve user and item IDs consistently through filtering, splitting, training, recommendation, and evaluation.

Setup: Use ImplicitMF (ALS) with LensKit's default hyperparameters - no manual tuning. Run the same experiment with 3 distinct random seeds. For each seed, build an independent user-based 80/20 holdout split (about 20 % of every eligible user's interactions into the test set, the rest into training); skip users that cannot support a valid split. Set NumPy and Python random seeds explicitly for each split so the script is fully reproducible.

For each seed: train a fresh ImplicitMF model on that seed's training split, then generate top-10 recommendations for all evaluable users in one batch.recommend call (no per-user loops). Items present in a user's training history must be excluded from that user's recommendations.

Evaluation: For each seed compute mean nDCG@10 and mean Precision@10 across the evaluable users. Aggregate the 3 seeds into mean and standard deviation for both metrics. Save the per-seed values and the aggregate row into a single CSV file in the working directory, and also print the aggregated mean and std values to stdout.[/cyan]
[cyan]--------------------------------[/cyan]
MinimalAgent: Getting plan and code
MinimalAgent: Draft complete
[05/11/26 11:56:49] INFO     Node identified as buggy:     minimal_agent.py:571
                             Execution failed with a                           
                             runtime exception:                                
                             `TypeError:                                       
                             ImplicitMF.__init__() missing                     
                             1 required positional                             
                             argument: 'features'`. In                         
                             LensKit 0.14.4, `ImplicitMF`                      
                             does not have a zero-argument                     
                             constructor; you must provide                     
                             at least the number of latent                     
                             factors, e.g.                                     
                             `ImplicitMF(50)` or                               
                             `ImplicitMF(features=50)`.                        
                             Because of this crash, no                         
                             model was trained, no                             
                             recommendations were                              
                             generated, and the                                
                             CSV/printed aggregate metrics                     
                             were not produced.                                
                                                                               
                             Fix: instantiate the                              
                             algorithm with an explicit                        
                             `features` value while                            
                             keeping other hyperparameters                     
                             at defaults, e.g.:                                
                             ```python                                         
                             algo =                                            
                             ImplicitMF(features=50)                           
                             ```                                               
                             or whatever LensKit 0.14.4                        
                             default-equivalent feature                        
                             count is intended.                                
                                                                               
                             There is also a likely                            
                             API-compatibility issue to                        
                             verify after fixing the                           
                             constructor: in LensKit                           
                             0.14.x, batch recommendation                      
                             is typically done via                             
                             `lenskit.batch.recommend(mode                     
                             l, users, n)` but the custom                      
                             `candidates` argument may not                     
                             be accepted in the way used                       
                             here. If so, switch to                            
                             LensKit’s supported exclusion                     
                             mechanism (or generate                            
                             candidates in the format                          
                             expected by that version) to                      
                             ensure training items are                         
                             filtered correctly.                               
                    INFO     Generating draft node 2/3             search.py:70
[cyan]--------------------------------[/cyan]
[cyan]self.task_desc[/cyan]
[cyan] You are an expert recommender systems research assistant who is looking to help the user with their requests.
The user has some idea and you want to conduct creative experiments to gain scientific insights.
Your aim is to run experiments to gather sufficient results to report back to the user.
The idea is:

Please run a small reproducibility experiment with LensKit 0.14.4 on the MovieLens 100K dataset (u.data, tab-separated, in the working directory).

Preprocessing: Keep only ratings strictly greater than 3 as positive implicit interactions, then iteratively apply 5-core filtering until every remaining user and item has at least 5 interactions. Preserve user and item IDs consistently through filtering, splitting, training, recommendation, and evaluation.

Setup: Use ImplicitMF (ALS) with LensKit's default hyperparameters - no manual tuning. Run the same experiment with 3 distinct random seeds. For each seed, build an independent user-based 80/20 holdout split (about 20 % of every eligible user's interactions into the test set, the rest into training); skip users that cannot support a valid split. Set NumPy and Python random seeds explicitly for each split so the script is fully reproducible.

For each seed: train a fresh ImplicitMF model on that seed's training split, then generate top-10 recommendations for all evaluable users in one batch.recommend call (no per-user loops). Items present in a user's training history must be excluded from that user's recommendations.

Evaluation: For each seed compute mean nDCG@10 and mean Precision@10 across the evaluable users. Aggregate the 3 seeds into mean and standard deviation for both metrics. Save the per-seed values and the aggregate row into a single CSV file in the working directory, and also print the aggregated mean and std values to stdout.[/cyan]
[cyan]--------------------------------[/cyan]
MinimalAgent: Getting plan and code
MinimalAgent: Draft complete
[05/11/26 11:57:24] INFO     Node identified as buggy:     minimal_agent.py:571
                             Execution failed with a                           
                             runtime exception before                          
                             training or evaluation:                           
                             `ImplicitMF.__init__()` in                        
                             LensKit 0.14.4 requires the                       
                             mandatory `features`                              
                             argument, so `model =                             
                             ImplicitMF()` is invalid. As                      
                             a result, no recommendations,                     
                             metrics, CSV, or stdout                           
                             aggregates were produced. Fix                     
                             by instantiating the model                        
                             with an explicit feature                          
                             count, e.g. `model =                              
                             ImplicitMF(50)` or `model =                       
                             ImplicitMF(features=50)`,                         
                             ideally using the library's                       
                             documented default-equivalent                     
                             value for LensKit 0.14.4.                         
                             Also verify the batching API                      
                             for this LensKit version                          
                             (`batch.recommend`) and, to                       
                             satisfy the requirement that                      
                             training items be excluded                        
                             during recommendation, prefer                     
                             passing exclusion/history                         
                             through LensKit's                                 
                             recommendation mechanism if                       
                             supported rather than                             
                             filtering after top-10                            
                             generation, since                                 
                             post-filtering can leave                          
                             fewer than 10 recommendations                     
                             and bias                                          
                             Precision@10/nDCG@10.                             
                    INFO     Generating draft node 3/3             search.py:70
[cyan]--------------------------------[/cyan]
[cyan]self.task_desc[/cyan]
[cyan] You are an expert recommender systems research assistant who is looking to help the user with their requests.
The user has some idea and you want to conduct creative experiments to gain scientific insights.
Your aim is to run experiments to gather sufficient results to report back to the user.
The idea is:

Please run a small reproducibility experiment with LensKit 0.14.4 on the MovieLens 100K dataset (u.data, tab-separated, in the working directory).

Preprocessing: Keep only ratings strictly greater than 3 as positive implicit interactions, then iteratively apply 5-core filtering until every remaining user and item has at least 5 interactions. Preserve user and item IDs consistently through filtering, splitting, training, recommendation, and evaluation.

Setup: Use ImplicitMF (ALS) with LensKit's default hyperparameters - no manual tuning. Run the same experiment with 3 distinct random seeds. For each seed, build an independent user-based 80/20 holdout split (about 20 % of every eligible user's interactions into the test set, the rest into training); skip users that cannot support a valid split. Set NumPy and Python random seeds explicitly for each split so the script is fully reproducible.

For each seed: train a fresh ImplicitMF model on that seed's training split, then generate top-10 recommendations for all evaluable users in one batch.recommend call (no per-user loops). Items present in a user's training history must be excluded from that user's recommendations.

Evaluation: For each seed compute mean nDCG@10 and mean Precision@10 across the evaluable users. Aggregate the 3 seeds into mean and standard deviation for both metrics. Save the per-seed values and the aggregate row into a single CSV file in the working directory, and also print the aggregated mean and std values to stdout.[/cyan]
[cyan]--------------------------------[/cyan]
MinimalAgent: Getting plan and code
MinimalAgent: Draft complete
[05/11/26 11:57:57] INFO     Node identified as buggy:     minimal_agent.py:571
                             Execution failed with a                           
                             runtime exception before                          
                             training or evaluation                            
                             completed: `TypeError:                            
                             ImplicitMF.__init__() missing                     
                             1 required positional                             
                             argument: 'features'`. In                         
                             LensKit 0.14.4, `ImplicitMF`                      
                             does not have a zero-argument                     
                             constructor; you must provide                     
                             the latent dimension, e.g.                        
                             `ImplicitMF(50)` or                               
                             `ImplicitMF(features=50)`.                        
                             Because of this crash, no                         
                             recommendations, metrics,                         
                             CSV, or stdout aggregates                         
                             were produced. Fix by                             
                             instantiating the model with                      
                             the required `features`                           
                             argument, and preferably also                     
                             pass a deterministic RNG if                       
                             supported by the API for                          
                             per-seed reproducibility.                         
                             After that, rerun and then                        
                             verify that batch                                 
                             recommendation excludes                           
                             training items as intended.                       
                    INFO     Treesearch iteration 1/10             search.py:78
[05/11/26 11:58:42] INFO     Node execution successful,    minimal_agent.py:620
                             proceeding with detailed                          
                             scoring                                           
NodeScore(score=88.24, feedback='Overall, the implementation is strong and fulfills most of the experimental requirements, but it misses an important requirement about using LensKit ImplicitMF with default hyperparameters only. Requirement checklist: 1 Fulfilled — loads ./u.data with tab separation and preserves original user/item IDs. 2 Fulfilled — filters to ratings > 3 before splitting. 3 Fulfilled — iterative 5-core filtering until convergence is implemented. 4 Fulfilled — filtered dataset is used consistently throughout later steps without remapping IDs. 5 Fulfilled — runs exactly 3 repetitions with distinct seeds and explicitly sets both numpy and Python random seeds. 6 Fulfilled — creates fresh per-seed user-based 80/20 holdout splits. 7 Fulfilled — skips users without a valid split; evaluable users have nonempty train and test. 8 Fulfilled — each seed has its own split and fresh model training. 9 Not fulfilled — ImplicitMF is instantiated as ImplicitMF(features=50), which manually overrides defaults; requirement specifies default hyperparameters only. 10 Fulfilled — recommendations are generated for all evaluable users in a batch call, not via per-user loops. 11 Fulfilled — training items are excluded from recommendations, via candidates or fallback filtering. 12 Fulfilled — evaluates per-user nDCG@10 and Precision@10 against held-out positives. 13 Fulfilled — computes per-seed mean nDCG@10 and mean Precision@10 across evaluable users. 14 Fulfilled — aggregates 3 seeds into overall mean and sample standard deviation. 15 Fulfilled — saves one CSV with per-seed rows plus an aggregate row. 16 Fulfilled — prints aggregated mean and standard deviation to stdout. 17 Mostly fulfilled — script appears self-contained and reproducible in the stated environment, though robustness would improve by removing unnecessary extra artifacts and any fallback behavior that could differ across LensKit versions. To improve the code: instantiate the model simply as ImplicitMF() to satisfy the default-hyperparameter requirement; optionally remove the fallback recommendation path and rely on the documented batch recommendation API for LensKit 0.14.4; keep the CSV aggregate row in separate numeric mean/std columns rather than a combined string if easier for downstream analysis.', is_satisfactory=False)
[05/11/26 11:58:49] INFO     Treesearch iteration 2/10             search.py:78
[05/11/26 11:59:20] INFO     Node identified as buggy:     minimal_agent.py:571
                             Execution failed before                           
                             training/evaluation                               
                             completed. In LensKit 0.14.4,                     
                             `ImplicitMF` does not have a                      
                             zero-argument constructor;                        
                             `features` is a required                          
                             positional argument, so `algo                     
                             = ImplicitMF()` raises                            
                             `TypeError`. Fix by                               
                             instantiating with an                             
                             explicit feature count, e.g.                      
                             `algo = ImplicitMF(50)` (or                       
                             another documented                                
                             default-equivalent value for                      
                             that version), then rerun.                        
                             Also verify the rest of the                       
                             script against LensKit 0.14.4                     
                             APIs after this change, but                       
                             the immediate blocking issue                      
                             is the missing `features`                         
                             argument, which prevented all                     
                             requested outputs (CSV and                        
                             aggregate metrics) from being                     
                             produced.                                         
                    INFO     Treesearch iteration 3/10             search.py:78
[05/11/26 11:59:47] INFO     Node identified as buggy:     minimal_agent.py:571
                             Execution failed with a                           
                             runtime exception before                          
                             training or evaluation began:                     
                             `TypeError:                                       
                             ImplicitMF.__init__() missing                     
                             1 required positional                             
                             argument: 'features'`. In                         
                             LensKit 0.14.4, `ImplicitMF`                      
                             does not have a no-argument                       
                             constructor; you must specify                     
                             the latent factor count, e.g.                     
                             `algo = ImplicitMF(50)` or                        
                             `ImplicitMF(features=50)`,                        
                             using the library default if                      
                             you want default                                  
                             hyperparameters aside from                        
                             the required dimension.                           
                             Because of this crash, no                         
                             recommendations, metrics,                         
                             CSV, or saved outputs were                        
                             produced. After fixing that,                      
                             also verify API compatibility                     
                             for LensKit 0.14.4:                               
                             `batch.recommend` candidate                       
                             handling may require a                            
                             different format than a dict                      
                             of per-user candidate lists,                      
                             so ensure the recommendation                      
                             call matches the installed                        
                             LensKit version and still                         
                             excludes training items                           
                             correctly.                                        
                    INFO     Treesearch iteration 4/10             search.py:78
[05/11/26 12:00:18] INFO     Node identified as buggy:     minimal_agent.py:571
                             Execution failed immediately                      
                             with a runtime exception:                         
                             `TypeError:                                       
                             ImplicitMF.__init__() missing                     
                             1 required positional                             
                             argument: 'features'` at                          
                             `algo = ImplicitMF()`. In                         
                             LensKit 0.14.4, `ImplicitMF`                      
                             does not have a zero-argument                     
                             constructor; you must supply                      
                             at least the latent factor                        
                             count, e.g. `ImplicitMF(50)`                      
                             or `ImplicitMF(features=50)`                      
                             using the library default                         
                             feature size you intend to                        
                             reproduce. Because of this                        
                             crash, no model was trained,                      
                             no recommendations were                           
                             generated, no metrics were                        
                             computed, and the required                        
                             CSV/stdout outputs were not                       
                             produced.                                         
                                                                               
                             Fix: instantiate the                              
                             algorithm with the required                       
                             `features` argument,                              
                             consistent with LensKit                           
                             0.14.4                                            
                             defaults/documentation. After                     
                             that, rerun and verify the                        
                             rest of the pipeline.                             
                                                                               
                             There is also a likely                            
                             follow-on compatibility issue                     
                             to check after fixing                             
                             constructor usage:                                
                             `batch.recommend(...,                             
                             candidates=candidates)` may                       
                             not accept a per-user Python                      
                             dict of candidate lists in                        
                             LensKit 0.14.4. If so, use                        
                             LensKit's supported mechanism                     
                             for excluding training items                      
                             / supplying candidates for                        
                             batch recommendation in that                      
                             version, and ensure                               
                             recommendations are generated                     
                             in one batch call as                              
                             requested.                                        
                    INFO     Treesearch iteration 5/10             search.py:78
[05/11/26 12:00:58] INFO     Node identified as buggy:     minimal_agent.py:571
                             Execution failed during batch                     
                             recommendation, so no                             
                             per-seed metrics, aggregate                       
                             metrics, or CSV were                              
                             produced. The crash occurs in                     
                             LensKit's candidate selector:                     
                             `AttributeError: 'NoneType'                       
                             object has no attribute                           
                             'get_loc'` inside                                 
                             `self.users_.get_loc(user)`.                      
                             This was triggered by calling                     
                             `batch.recommend(rec_model,                       
                             users, n,                                         
                             ratings=train[['user','item',                     
                             'rating']])` on                                   
                             `Recommender.adapt(model)`,                       
                             which does not have the                           
                             fitted candidate selector                         
                             state needed to exclude known                     
                             items this way. Fix by                            
                             building a proper recommender                     
                             with a candidate selector                         
                             before fitting, e.g. `from                        
                             lenskit.algorithms import                         
                             basic, Recommender; algo =                        
                             Recommender.adapt(ImplicitMF(                     
                             50))` or `algo =                                  
                             basic.TopN(ImplicitMF(50))`                       
                             (depending on LensKit 0.14.4                      
                             API), fit that recommender on                     
                             the training data, and then                       
                             call `batch.recommend(algo,                       
                             users, 10)` so                                    
                             training-history exclusion                        
                             uses the fitted selector.                         
                             Alternatively, pass explicit                      
                             per-user candidate lists /                        
                             exclusions instead of relying                     
                             on `ratings=`. After that,                        
                             rerun to produce the CSV and                      
                             printed aggregate mean/std.                       
                             Also verify the model                             
                             constructor matches the                           
                             intended                                          
                             default-hyperparameter                            
                             requirement; `ImplicitMF(50)`                     
                             manually sets features and is                     
                             not strictly 'default                             
                             hyperparameters'.                                 
                    INFO     Treesearch iteration 6/10             search.py:78
[05/11/26 12:01:27] INFO     Node identified as buggy:     minimal_agent.py:571
                             Execution failed with a                           
                             runtime exception before                          
                             training or evaluation:                           
                             `TypeError:                                       
                             ImplicitMF.__init__() missing                     
                             1 required positional                             
                             argument: 'features'`. In                         
                             LensKit 0.14.4, `ImplicitMF`                      
                             does not have a zero-argument                     
                             constructor; you must provide                     
                             at least the latent factor                        
                             count, e.g. `ImplicitMF(50)`                      
                             or `ImplicitMF(features=50)`.                     
                             Because of this crash, no                         
                             recommendations, metrics,                         
                             stdout aggregates, or CSV                         
                             were produced. Fix the                            
                             constructor call and rerun.                       
                             Also verify the recommender                       
                             API usage afterward, since                        
                             `batch.recommend(...,                             
                             candidates=...)` may not                          
                             match LensKit 0.14.4’s                            
                             expected interface for                            
                             excluding training items.                         
                    INFO     Treesearch iteration 7/10             search.py:78
[05/11/26 12:02:07] INFO     Node execution successful,    minimal_agent.py:620
                             proceeding with detailed                          
                             scoring                                           
NodeScore(score=88.24, feedback='Overall, the implementation is strong and fulfills most of the experimental requirements, but it misses a few important details around exact LensKit default usage and batch recommendation API expectations.\n\nRequirement assessment:\n1. Load MovieLens 100K from ./u.data using tab separation and preserve the original user and item IDs throughout the entire pipeline. — Fulfilled\n2. Convert ratings to implicit positives by keeping only interactions with rating > 3 and dropping all others before any splitting. — Fulfilled\n3. Apply iterative 5-core filtering on the positive interactions until convergence so every remaining user and every remaining item has at least 5 interactions. — Fulfilled\n4. Use the filtered dataset as the sole source for all later steps; do not remap or inconsistently alter IDs between filtering, splitting, training, recommendation, and evaluation. — Fulfilled\n5. Run exactly 3 independent experiment repetitions with 3 distinct random seeds, and explicitly set both numpy.random and Python random seeds for each repetition. — Fulfilled\n6. For each seed, create a fresh user-based 80/20 holdout split from the filtered data, assigning about 20% of each eligible user’s interactions to test and the rest to train. — Fulfilled\n7. Skip any user that cannot support a valid split, and define evaluable users as users with both nonempty train and nonempty test interactions after splitting. — Fulfilled\n8. Ensure each seed uses its own independently sampled split and trains a fresh model only on that seed’s training interactions. — Fulfilled\n9. Use LensKit 0.14.4 ImplicitMF with ALS and default hyperparameters only; do not manually tune model settings. — Not fulfilled\n10. Generate top-10 recommendations for all evaluable users in a single batch recommend call rather than looping over users individually. — Fulfilled\n11. Exclude each user’s training items from that user’s candidate set so already-seen items are never recommended. — Fulfilled\n12. Evaluate recommendations at cutoff 10 using per-user nDCG@10 and Precision@10 computed against that seed’s held-out positive test items. — Fulfilled\n13. Compute the mean nDCG@10 and mean Precision@10 across evaluable users separately for each seed. — Fulfilled\n14. Aggregate the 3 per-seed metric values into overall mean and sample standard deviation for both nDCG@10 and Precision@10. — Fulfilled\n15. Save one CSV file in the working directory containing one row per seed plus one aggregate row with the computed metrics. — Fulfilled\n16. Print the aggregated mean and standard deviation for both metrics to stdout. — Fulfilled\n17. Make the script fully reproducible and self-contained so it runs without errors in the working directory assuming LensKit 0.14.4 and the MovieLens 100K u.data file are available. — Not fulfilled\n\nWhy requirements 9 and 17 are not fulfilled:\n- Requirement 9: The code instantiates ImplicitMF(50), which manually sets the number of latent factors instead of using default hyperparameters only. To satisfy the requirement, instantiate the model with no tuned arguments, e.g. ImplicitMF().\n- Requirement 17: Reproducibility is only partially addressed. Python and NumPy seeds are set, but LensKit/underlying training may still have nondeterministic behavior depending on threading and backend behavior; also the script assumes a working subdirectory and writes extra files not required by the task. The main issue is that it is not strictly aligned with the exact requested self-contained experiment specification because of the non-default model configuration.\n\nConstructive improvement suggestions:\n- Replace algo = ImplicitMF(50) with algo = ImplicitMF() to comply with the default-hyperparameter requirement.\n- Keep the script minimal and focused on the requested artifact: the single CSV plus stdout summary. Extra experiment_data and .npy outputs are unnecessary for the stated task.\n- Optionally add an explicit existence check for ./u.data and a clear error message if the file is missing.\n- To strengthen reproducibility, document the exact LensKit version in a comment and consider controlling any environment-dependent nondeterminism if possible.\n- The rest of the pipeline is well structured: ID preservation, iterative 5-core filtering, per-seed splitting, batch recommendation, candidate exclusion, and metric aggregation are all implemented appropriately.', is_satisfactory=False)
[05/11/26 12:02:19] INFO     Treesearch iteration 8/10             search.py:78
[05/11/26 12:02:57] INFO     Node identified as buggy:     minimal_agent.py:571
                             Execution failed during batch                     
                             recommendation, so the                            
                             experiment did not complete                       
                             and no metrics/CSV aggregate                      
                             could be produced reliably.                       
                             The key runtime error is                          
                             `AttributeError: 'NoneType'                       
                             object has no attribute                           
                             'get_loc'` inside LensKit's                       
                             candidate selector                                
                             (`self.users_.get_loc(user)`)                     
                             , triggered by `recs =                            
                             recommend(algo,                                   
                             pd.Index(eval_users), 10)`.                       
                             This indicates the                                
                             recommender being passed to                       
                             `lenskit.batch.recommend`                         
                             does not have a properly                          
                             initialized candidate                             
                             selector/user index for                           
                             excluding known items. In                         
                             LensKit 0.14.4, `ImplicitMF`                      
                             should typically be wrapped                       
                             in a ranking/recommender                          
                             adapter that handles                              
                             candidate selection and                           
                             exclusion of training items,                      
                             rather than calling batch                         
                             recommend on the bare scorer.                     
                             Fix: construct a proper top-N                     
                             recommender wrapper, e.g.                         
                             wrap `ImplicitMF` with                            
                             LensKit's                                         
                             recommender/adaptation                            
                             utility (such as a                                
                             `TopN`/basic recommender                          
                             wrapper appropriate for                           
                             0.14.4) and fit that wrapped                      
                             algorithm on the training                         
                             data before calling                               
                             `batch.recommend`. Also                           
                             explicitly ensure candidate                       
                             generation excludes each                          
                             user's training items, either                     
                             via the wrapper's default                         
                             candidate selector or by                          
                             passing user-specific                             
                             candidates if needed. A                           
                             secondary issue is that the                       
                             code claims to use LensKit                        
                             default hyperparameters, but                      
                             `make_algo` overrides them                        
                             with `features=50`; remove                        
                             that override if strict                           
                             compliance is required.                           
                    INFO     Treesearch iteration 9/10             search.py:78
[05/11/26 12:03:28] INFO     Node identified as buggy:     minimal_agent.py:571
                             Execution failed with a                           
                             runtime exception before                          
                             training or evaluation:                           
                             `TypeError:                                       
                             ImplicitMF.__init__() missing                     
                             1 required positional                             
                             argument: 'features'` at                          
                             `algo = ImplicitMF()`. In                         
                             LensKit 0.14.4, `ImplicitMF`                      
                             does not have a zero-argument                     
                             constructor; you must specify                     
                             the latent factor count, e.g.                     
                             `ImplicitMF(50)` or                               
                             `ImplicitMF(features=50)`.                        
                             Because of this, no model was                     
                             trained, no recommendations                       
                             were generated, and the CSV /                     
                             printed aggregate metrics                         
                             required by the experiment                        
                             were not produced.                                
                                                                               
                             Fix: instantiate the                              
                             algorithm with the required                       
                             `features` argument while                         
                             leaving other hyperparameters                     
                             at defaults, for example:                         
                             ```python                                         
                             algo =                                            
                             ImplicitMF(features=50)                           
                             ```                                               
                             or whatever the package                           
                             documentation defines as the                      
                             intended default feature                          
                             count for this version. Then                      
                             rerun.                                            
                                                                               
                             Potential follow-up                               
                             compatibility check: after                        
                             fixing construction, verify                       
                             that `batch.recommend(model,                      
                             users, n,                                         
                             candidates=candidates)`                           
                             accepts a per-user candidate                      
                             dictionary in LensKit 0.14.4.                     
                             If not, use LensKit's                             
                             supported exclusion mechanism                     
                             (e.g. recommend with                              
                             ratings/train data so seen                        
                             items are excluded) or                            
                             construct candidates in the                       
                             API-compatible form.                              
                    INFO     Treesearch iteration 10/10            search.py:78
[05/11/26 12:03:55] INFO     Node identified as buggy: The minimal_agent.py:571
                             execution failed with a                           
                             runtime exception before                          
                             training or evaluation began:                     
                             `TypeError:                                       
                             ImplicitMF.__init__() missing                     
                             1 required positional                             
                             argument: 'features'`. In                         
                             LensKit 0.14.4, `ImplicitMF`                      
                             does not have a zero-argument                     
                             constructor; you must specify                     
                             the latent factor count, e.g.                     
                             `ImplicitMF(50)` or                               
                             `ImplicitMF(features=50)`.                        
                             Because of this crash, no                         
                             recommendations, metrics,                         
                             CSV, or stdout aggregate                          
                             results were produced. Fix by                     
                             constructing the model with                       
                             the required `features`                           
                             argument using LensKit 0.14.4                     
                             defaults for the remaining                        
                             hyperparameters. After that,                      
                             rerun and verify the rest of                      
                             the pipeline. Also worth                          
                             checking after the                                
                             constructor fix: whether                          
                             `batch.recommend(...,                             
                             candidates=candidates)`                           
                             accepts a per-user dictionary                     
                             in LensKit 0.14.4, since API                      
                             mismatches there could cause                      
                             a second runtime error.                           
                    WARNING  SAVING 3.....                        search.py:128
                    WARNING  Found no satisfactory node; Using     search.py:98
                             best node instead...                              
                    INFO     Final response:                      search.py:113
                    INFO     Summarizing results...        minimal_agent.py:712
I ran the requested reproducibility experiment as specified in the provided script:

- Dataset: MovieLens 100K `u.data`
- Implicit preprocessing: kept only ratings `> 3`
- Applied iterative 5-core filtering
- Used 3 seeds: `1, 2, 3`
- For each seed:
  - created an independent per-user 80/20 holdout split
  - set both Python and NumPy seeds
  - trained a fresh LensKit 0.14.4 `ImplicitMF` model with the script’s settings (`ImplicitMF(features=50)`)
  - generated top-10 recommendations in batch
  - excluded each user’s training items from recommendations
  - evaluated mean nDCG@10 and mean Precision@10 over evaluable users

Per-seed results were:

- Seed 1: nDCG@10 = 0.200546, Precision@10 = 0.138806
- Seed 2: nDCG@10 = 0.192270, Precision@10 = 0.134861
- Seed 3: nDCG@10 = 0.214020, Precision@10 = 0.143177

Aggregated over the 3 seeds:

- nDCG@10: mean = 0.202279, std = 0.010978
- Precision@10: mean = 0.138948, std = 0.004160

The script also saved the combined per-seed results plus aggregate row to:

- `ml100k_lenskit_implicitmf_reproducibility.csv`

A small caveat from the code: although the request said “LensKit’s default hyperparameters,” the script explicitly instantiated `ImplicitMF(features=50)`, so the experiment reflects that exact setting rather than a no-argument constructor.
