Enter you request, write "!start" to start:
> > [05/08/26 10:46:09] INFO     Starting AutoRecLab...                  main.py:25
                    INFO     Initializing agent...          minimal_agent.py:52
                    INFO     Engineering code              minimal_agent.py:508
                             requirements...                                   
[05/08/26 10:46:27] INFO     Done.                         minimal_agent.py:527
                    INFO     Agent initialized!             minimal_agent.py:64
                    INFO     Initializing agent...           interpreter.py:102
                    INFO     Interpreter initialized!        interpreter.py:112
                    INFO     Starting tree search...               search.py:67
                    INFO     Generating draft node 1/3             search.py:70
[cyan]--------------------------------[/cyan]
[cyan]self.task_desc[/cyan]
[cyan] You are an expert recommender systems research assistant who is looking to help the user with their requests.
The user has some idea and you want to conduct creative experiments to gain scientific insights.
Your aim is to run experiments to gather sufficient results to report back to the user.
The idea is:

I'd like to run an experiment to quantify how much data split random seeds affect recommender system accuracy. Please use LensKit 0.14.4 to test three algorithms: ALS, ItemKNN, and Pop. Run this on the following three datasets with implicit feedback: MovieLens100K, Amazon Video Games, Last.FM. The raw files are stored in your working directory with the filenames u.data, VideoGames.csv, UserTaggedArtists-timestamps.dat. First, preprocess all datasets with 5-core filtering. For the Amazon and MovieLens datasets, please also convert any ratings greater than 3 to implicit interactions. Here's the main experimental procedure: Generate 5 different random seeds for data splitting. For each algorithm, dataset, and seed, please do a user-based 80/20 holdout split. Train all models using standard hyperparameters. For the analysis, I need you to measure nDCG@k and Precision@k for k=1, 5, 10 and conduct a short statistical analysis.[/cyan]
[cyan]--------------------------------[/cyan]
MinimalAgent: Getting plan and code
MinimalAgent: Draft complete
[05/08/26 10:55:21] INFO     Node execution successful,    minimal_agent.py:620
                             proceeding with detailed                          
                             scoring                                           
NodeScore(score=73, feedback="Overall, the implementation is reasonably strong and covers the core experiment loop, but it misses several important requirements and likely has some LensKit 0.14.4 compatibility risks. Fulfillment by requirement: 1) Partially/Not fulfilled: imports and APIs look close to LensKit 0.14.x, but compatibility with exactly 0.14.4 is not demonstrated and ItemItem(feedback='implicit') may not match that exact version. 2) Fulfilled: uses exact filenames u.data, VideoGames.csv, UserTaggedArtists-timestamps.dat. 3) Partially/Not fulfilled: MovieLens parsing is correct; Amazon assumes a 4-column no-header CSV without robust handling; Last.FM uses tab separator and columns heuristically, but does not robustly enforce documented schema/header handling. 4) Fulfilled: converts to implicit interaction pairs before splitting/training. 5) Fulfilled: filters MovieLens and Amazon ratings > 3. 6) Fulfilled: treats Last.FM tagged artist events as implicit interactions. 7) Fulfilled: iterative 5-core filtering is implemented. 8) Fulfilled: duplicate user-item pairs removed in k-core filter. 9) Fulfilled: exactly 5 distinct seeds are defined and recorded. 10) Fulfilled: user-based random 80/20 holdout is implemented per seed. 11) Not fulfilled: users unable to support a valid split are not excluded/reported; current splitter can create empty train for users with 1 interaction. 12) Fulfilled: trains ALS, ItemKNN, and Pop. 13) Not fulfilled: hyperparameters are not standard/default; ALS and ItemKNN are manually customized. 14) Fulfilled: ALS uses ImplicitMF, which is appropriate for implicit feedback. 15) Fulfilled: generates top-N recommendations for test users. 16) Likely fulfilled: LensKit batch.recommend typically excludes seen items by default, but the code does not explicitly enforce or verify this. 17) Fulfilled: computes nDCG@1/5/10 and Precision@1/5/10. 18) Fulfilled: computes per-user metrics against held-out test items and aggregates means. 19) Fulfilled: saves per-user metrics and intermediate outputs. 20) Fulfilled: produces a results table with dataset, algorithm, seed, and requested metrics. 21) Partially/Not fulfilled: mean and std are reported, but range across seeds is not summarized. 22) Partially fulfilled: paired t-tests across seeds are conducted and unit is effectively seed-level algorithm results, but this is not clearly stated and no confidence intervals are provided. 23) Fulfilled: analysis is stratified by dataset and compares algorithms within dataset; incompatible conditions are not pooled unlabeled. 24) Not fulfilled: robust handling of missing/malformed rows/delimiters is insufficient; read_csv calls lack on_bad_lines handling, coercion, and missing-value cleanup. 25) Partially/Not fulfilled: split seeds are fixed and logged, but model-training randomness is not explicitly fixed/logged for ALS. 26) Fulfilled: loops automatically over 3 datasets × 3 algorithms × 5 seeds. 27) Not fulfilled: concise preprocessing summary with dropped records/users after 5-core filtering is not fully reported. 28) Partially fulfilled: evaluation uses test users, but code does not explicitly verify users are in both train and test; due to splitting they usually are, except invalid low-interaction users are not excluded. 29) Fulfilled: preprocessing is done before splitting and fitting is per-train split. 30) Fulfilled: final results are saved to CSV and machine-readable files. Main improvements: use exact LensKit 0.14.4-compatible constructors/defaults; make parsing robust with explicit schema validation and bad-row handling; exclude/report users with <2 interactions before splitting; explicitly exclude training items from recommendation candidates; log/fix ALS random state if supported; add preprocessing summary counts and seed-sensitivity range/CI outputs.", is_satisfactory=False)
[05/08/26 10:55:35] INFO     Generating draft node 2/3             search.py:70
[cyan]--------------------------------[/cyan]
[cyan]self.task_desc[/cyan]
[cyan] You are an expert recommender systems research assistant who is looking to help the user with their requests.
The user has some idea and you want to conduct creative experiments to gain scientific insights.
Your aim is to run experiments to gather sufficient results to report back to the user.
The idea is:

I'd like to run an experiment to quantify how much data split random seeds affect recommender system accuracy. Please use LensKit 0.14.4 to test three algorithms: ALS, ItemKNN, and Pop. Run this on the following three datasets with implicit feedback: MovieLens100K, Amazon Video Games, Last.FM. The raw files are stored in your working directory with the filenames u.data, VideoGames.csv, UserTaggedArtists-timestamps.dat. First, preprocess all datasets with 5-core filtering. For the Amazon and MovieLens datasets, please also convert any ratings greater than 3 to implicit interactions. Here's the main experimental procedure: Generate 5 different random seeds for data splitting. For each algorithm, dataset, and seed, please do a user-based 80/20 holdout split. Train all models using standard hyperparameters. For the analysis, I need you to measure nDCG@k and Precision@k for k=1, 5, 10 and conduct a short statistical analysis.[/cyan]
[cyan]--------------------------------[/cyan]
MinimalAgent: Getting plan and code
MinimalAgent: Draft complete
[05/08/26 10:56:36] INFO     Node identified as buggy:     minimal_agent.py:571
                             Execution failed with a                           
                             runtime exception during                          
                             recommendation for ItemKNN,                       
                             so the experiment did not                         
                             complete and required                             
                             outputs/statistics were not                       
                             produced. After Pop on                            
                             MovieLens, batch.recommend                        
                             crashed inside LensKit with                       
                             `AttributeError: 'NoneType'                       
                             object has no attribute                           
                             'get_loc'` from `basic.py`                        
                             candidate selection. This is                      
                             consistent with using                             
                             `ItemItem(30)` directly on                        
                             implicit unary data in                            
                             LensKit 0.14.4 without a                          
                             proper candidate selector /                       
                             adapted recommender setup, so                     
                             `users_` was never                                
                             initialized for                                   
                             recommendation. Fix by                            
                             constructing a proper top-N                       
                             recommender with a candidate                      
                             selector, e.g. wrap                               
                             algorithms in LensKit's                           
                             ranking/recommender utilities                     
                             (such as a `TopN` pipeline                        
                             with                                              
                             `UnratedItemCandidateSelector                     
                             `), or use the                                    
                             LensKit-recommended API for                       
                             top-N recommendation for each                     
                             algorithm. Also ensure                            
                             recommendation excludes                           
                             training items explicitly.                        
                             Additional issue: `means =                        
                             metrics_df.mean(numeric_only=                     
                             True)` includes the numeric                       
                             `user` column, producing                          
                             nonsense output like                              
                             `user=471.7207`; exclude                          
                             `user` before aggregation. As                     
                             written, the script also                          
                             lacks robustness around empty                     
                             recommendation results and                        
                             therefore aborts the whole                        
                             sweep instead of                                  
                             skipping/logging failed runs.                     
                    INFO     Generating draft node 3/3             search.py:70
[cyan]--------------------------------[/cyan]
[cyan]self.task_desc[/cyan]
[cyan] You are an expert recommender systems research assistant who is looking to help the user with their requests.
The user has some idea and you want to conduct creative experiments to gain scientific insights.
Your aim is to run experiments to gather sufficient results to report back to the user.
The idea is:

I'd like to run an experiment to quantify how much data split random seeds affect recommender system accuracy. Please use LensKit 0.14.4 to test three algorithms: ALS, ItemKNN, and Pop. Run this on the following three datasets with implicit feedback: MovieLens100K, Amazon Video Games, Last.FM. The raw files are stored in your working directory with the filenames u.data, VideoGames.csv, UserTaggedArtists-timestamps.dat. First, preprocess all datasets with 5-core filtering. For the Amazon and MovieLens datasets, please also convert any ratings greater than 3 to implicit interactions. Here's the main experimental procedure: Generate 5 different random seeds for data splitting. For each algorithm, dataset, and seed, please do a user-based 80/20 holdout split. Train all models using standard hyperparameters. For the analysis, I need you to measure nDCG@k and Precision@k for k=1, 5, 10 and conduct a short statistical analysis.[/cyan]
[cyan]--------------------------------[/cyan]
MinimalAgent: Getting plan and code
MinimalAgent: Draft complete
[05/08/26 10:57:26] INFO     Node identified as buggy:     minimal_agent.py:571
                             Execution failed with a                           
                             runtime exception before                          
                             producing results. In                             
                             `run_dataset`,                                    
                             `batch.recommend(alg, users,                      
                             10, candidates=candidates)`                       
                             passes `candidates` as a                          
                             NumPy array, but LensKit                          
                             0.14.4 expects `candidates`                       
                             to be either a candidate                          
                             selector callable (e.g.                           
                             `lambda u: candidates_array`)                     
                             or omitted/constructed via                        
                             LensKit candidate machinery.                      
                             This caused `TypeError:                           
                             'numpy.ndarray' object is not                     
                             callable`. Fix by changing                        
                             the call to something like                        
                             `cand =                                           
                             train['item'].unique(); recs                      
                             = batch.recommend(alg, users,                     
                             10, candidates=lambda u:                          
                             cand)` or by using an                             
                             appropriate LensKit candidate                     
                             selector API. Also note a                         
                             second                                            
                             methodological/statistical                        
                             bug: `stats.f_oneway(*[[x]                        
                             for x in pvals])` performs                        
                             ANOVA on groups of size 1                         
                             (one seed per group), which                       
                             is invalid for testing seed                       
                             effects; replace with                             
                             descriptive variability                           
                             stats, confidence                                 
                             intervals/bootstrapping, or a                     
                             repeated evaluation design                        
                             with multiple observations                        
                             per seed.                                         
                    INFO     Treesearch iteration 1/10             search.py:78
[05/08/26 10:58:30] INFO     Node identified as buggy:     minimal_agent.py:571
                             Execution failed immediately                      
                             on the first algorithm/model                      
                             fit loop. In LensKit 0.14.4,                      
                             `ImplicitMF` requires the                         
                             positional argument                               
                             `features`, but `make_algo()`                     
                             constructs it as                                  
                             `ImplicitMF(**kwargs)` with                       
                             no `features`, causing                            
                             `TypeError:                                       
                             ImplicitMF.__init__() missing                     
                             1 required positional                             
                             argument: 'features'`. As a                       
                             result, no ALS/ItemKNN/Pop                        
                             evaluation completed, no                          
                             aggregate metrics or                              
                             statistical analysis were                         
                             produced, and the saved                           
                             result artifacts would not be                     
                             generated. Fix by                                 
                             instantiating ALS with an                         
                             explicit feature count, e.g.                      
                             `ImplicitMF(50, **kwargs)` or                     
                             `ImplicitMF(features=50,                          
                             **kwargs)` using a standard                       
                             default. Also verify ItemKNN                      
                             constructor compatibility in                      
                             LensKit 0.14.4 (the                               
                             `feedback='implicit'`                             
                             argument may not be valid                         
                             depending on the exact API)                       
                             before rerunning.                                 
                    INFO     Treesearch iteration 2/10             search.py:78
[05/08/26 10:59:31] INFO     Node identified as buggy:     minimal_agent.py:571
                             Execution failed before                           
                             completing the experiment.                        
                             The script successfully                           
                             loaded and preprocessed                           
                             MovieLens100K, but then                           
                             crashed in load_amazon with                       
                             `ValueError: VideoGames.csv                       
                             must have at least 4 columns:                     
                             user,item,rating,timestamp`.                      
                             As a result, none of the                          
                             Amazon/Last.FM runs, model                        
                             training, evaluation metrics,                     
                             statistical tests, or output                      
                             artifacts were produced. The                      
                             likely bug is overly rigid                        
                             parsing of the Amazon file                        
                             format. `VideoGames.csv` may                      
                             use a different delimiter,                        
                             include a header, or store                        
                             fields in a different schema                      
                             than assumed. Fix by                              
                             inspecting the file and                           
                             making the loader more                            
                             robust, e.g. try standard CSV                     
                             parsing with and without                          
                             header, detect delimiter, and                     
                             map expected columns by name                      
                             when present. If the file is                      
                             actually the common Amazon                        
                             review format with named                          
                             columns such as `reviewerID`,                     
                             `asin`, `overall`, and                            
                             `unixReviewTime`, load those                      
                             columns explicitly instead of                     
                             requiring exactly 4 unnamed                       
                             columns. Also consider                            
                             printing                                          
                             `df.shape`/`df.head()` on                         
                             failure to diagnose format                        
                             mismatches.                                       
                    INFO     Treesearch iteration 3/10             search.py:78
[05/08/26 11:36:32] INFO     Node identified as buggy:     minimal_agent.py:571
                             Execution failed before                           
                             completing the experiment.                        
                             The crash occurs when fitting                     
                             ItemKNN in LensKit 0.14.4:                        
                             `AttributeError:                                  
                             'DataFrameGroupBy' object has                     
                             no attribute 'rating'`. The                       
                             training data being passed to                     
                             LensKit only has `user` and                       
                             `item` columns, but LensKit's                     
                             `ItemItem` implementation                         
                             expects a `rating` column and                     
                             tries to compute                                  
                             `ratings.groupby('item').rati                     
                             ng.mean()`. As a result, only                     
                             ALS on the first split ran;                       
                             ItemKNN, Pop, remaining                           
                             seeds, datasets, aggregate                        
                             summaries, statistical tests,                     
                             and many output artifacts                         
                             were never completed. Fix:                        
                             provide an explicit numeric                       
                             interaction column before                         
                             fitting all algorithms, e.g.                      
                             `train =                                          
                             train.assign(rating=1.0)` and                     
                             likewise for test if needed                       
                             for consistency, or construct                     
                             the datasets with a `rating`                      
                             column from the start after                       
                             thresholding/binarization.                        
                             For implicit ItemKNN, also                        
                             initialize it in implicit                         
                             mode if supported by this                         
                             LensKit version. After adding                     
                             `rating`, rerun the full loop                     
                             and verify all CSV/NPY                            
                             outputs are produced.                             
                    INFO     Treesearch iteration 4/10             search.py:78
[05/08/26 11:37:29] INFO     Node identified as buggy:     minimal_agent.py:571
                             Execution failed before                           
                             completing any experiments.                       
                             The crash occurs on the first                     
                             ALS run at model.fit(train)                       
                             with TypeError: 'bool' object                     
                             is not callable inside                            
                             LensKit                                           
                             ImplicitMF._train_iters.                          
                             Cause: the code sets                              
                             kwargs['progress'] = False                        
                             when constructing ImplicitMF.                     
                             In LensKit 0.14.4, progress                       
                             is expected to be a                               
                             callable/wrapper used like                        
                             self.progress(...), not a                         
                             boolean, so passing False                         
                             overwrites the callable and                       
                             causes the exception. Fix: do                     
                             not pass progress=False; omit                     
                             the progress argument                             
                             entirely, or pass a valid                         
                             callable/progress wrapper if                      
                             needed. Because the script                        
                             stops at the first                                
                             split/algorithm, none of the                      
                             requested metrics,                                
                             statistical analysis, or                          
                             output artifacts are fully                        
                             produced. There is also a                         
                             likely data-loading issue in                      
                             Amazon Video Games: the log                       
                             shows after_threshold ==                          
                             raw_rows == 231780, which is                      
                             suspicious if ratings > 3                         
                             filtering was intended;                           
                             verify the CSV format/header                      
                             handling and confirm the                          
                             rating column is being parsed                     
                             correctly.                                        
                    INFO     Treesearch iteration 5/10             search.py:78
[05/08/26 11:38:24] INFO     Node identified as buggy:     minimal_agent.py:571
                             Execution failed before any                       
                             training or evaluation                            
                             completed. The runtime                            
                             exception is: `TypeError:                         
                             ImplicitMF.__init__() missing                     
                             1 required positional                             
                             argument: 'features'` in                          
                             `get_algorithms()` when                           
                             constructing ALS. In LensKit                      
                             0.14.4, `ImplicitMF` requires                     
                             at least the `features`                           
                             argument, so `ImplicitMF()`                       
                             is invalid. Fix by                                
                             instantiating it with a                           
                             standard feature count, e.g.                      
                             `ImplicitMF(50)` or                               
                             `ImplicitMF(features=50)`.                        
                             Because the script crashes at                     
                             the first seed, none of the                       
                             requested recommender                             
                             results, metrics, statistical                     
                             tests, or output artifact                         
                             files are produced. After                         
                             fixing ALS construction, it                       
                             is also advisable to verify                       
                             the ItemKNN class                                 
                             name/parameters against                           
                             LensKit 0.14.4 (`ItemItem` is                     
                             usually correct, but standard                     
                             hyperparameters should be set                     
                             explicitly if desired).                           
                    INFO     Treesearch iteration 6/10             search.py:78
[05/08/26 11:39:25] INFO     Node identified as buggy:     minimal_agent.py:571
                             Execution failed with a                           
                             runtime exception during                          
                             ItemKNN training, so the                          
                             experiment did not complete                       
                             and required                                      
                             outputs/artifacts are                             
                             incomplete. Root cause: the                       
                             preprocessed interaction                          
                             DataFrames only contain                           
                             ['user','item'], but LensKit                      
                             0.14.4 ItemItem expects an                        
                             explicit ratings DataFrame                        
                             with a 'rating' column and                        
                             tries to access                                   
                             ratings.groupby('item').ratin                     
                             g.mean(). For                                     
                             implicit-feedback evaluation,                     
                             Popular and ImplicitMF can                        
                             work with interaction-only                        
                             data, but ItemItem in this                        
                             configuration cannot. Fix                         
                             options: (1) add a constant                       
                             rating column before                              
                             training/evaluation, e.g.                         
                             df['rating']=1.0 for all                          
                             datasets after implicit                           
                             conversion / tag extraction,                      
                             and pass                                          
                             ['user','item','rating'] to                       
                             all algorithms; or (2)                            
                             replace ItemItem with an                          
                             implicit-capable                                  
                             nearest-neighbor ranker                           
                             compatible with LensKit                           
                             0.14.4. Also note a likely                        
                             data-ingestion issue: Amazon                      
                             preprocessing reports                             
                             final==raw after applying                         
                             rating>3 and 5-core                               
                             filtering, which is                               
                             suspicious and suggests the                       
                             CSV may not match the assumed                     
                             4-column format; verify                           
                             delimiter/header/schema so                        
                             the implicit conversion is                        
                             actually being applied.                           
                    INFO     Treesearch iteration 7/10             search.py:78
[05/08/26 12:40:16] WARNING  Child failed to terminate,      interpreter.py:298
                             killing it..                                      
Traceback (most recent call last):
  File "<string>", line 1, in <module>
  File "C:\Users\Robin\AppData\Local\Programs\Python\Python311\Lib\multiprocessing\spawn.py", line 122, in spawn_main
    exitcode = _main(fd, parent_sentinel)
               ^^^^^^^^^^^^^^^^^^^^^^^^^^
  File "C:\Users\Robin\AppData\Local\Programs\Python\Python311\Lib\multiprocessing\spawn.py", line 132, in _main
    self = reduction.pickle.load(from_parent)
           ^^^^^^^^^^^^^^^^^^^^^^^^^^^^^^^^^^
  File "C:\Users\Robin\AppData\Local\Programs\Python\Python311\Lib\multiprocessing\connection.py", line 979, in rebuild_pipe_connection
    handle = dh.detach()
             ^^^^^^^^^^^
  File "C:\Users\Robin\AppData\Local\Programs\Python\Python311\Lib\multiprocessing\reduction.py", line 131, in detach
    return _winapi.DuplicateHandle(
           ^^^^^^^^^^^^^^^^^^^^^^^^
PermissionError: [WinError 5] Zugriff verweigert
